<?xml version="1.0" encoding="UTF-8"?>
<!-- Generated by org.testng.reporters.JUnitReportReporter -->
<testsuite hostname="SwathiPavan" failures="0" tests="2" name="qaclickacademy.SeleniumTest" time="0.013" errors="0" timestamp="18 Feb 2020 03:03:07 GMT" skipped="0">
  <testcase classname="qaclickacademy.SeleniumTest" name="ElementsUI" time="0.012"/>
  <testcase classname="qaclickacademy.SeleniumTest" name="OpenBrowser" time="0.001"/>
</testsuite> <!-- qaclickacademy.SeleniumTest -->
