<?xml version="1.0" encoding="UTF-8"?>
<!-- Generated by org.testng.reporters.JUnitReportReporter -->
<testsuite hostname="SwathiPavan" failures="0" tests="2" name="qaclickacademy.AppiumTest" time="0.000" errors="0" timestamp="18 Feb 2020 03:03:07 GMT" skipped="0">
  <testcase classname="qaclickacademy.AppiumTest" name="AndroidAPI" time="0.000"/>
  <testcase classname="qaclickacademy.AppiumTest" name="IOSAPI" time="0.000"/>
</testsuite> <!-- qaclickacademy.AppiumTest -->
